2023-10-05T00:00:02.578+03:00  INFO 17480 --- [CommandProcessor-2] c.e.p.domain.payment.PaymentAggregate    : PaymentAggregate catch ProcessPaymentCommand publish PaymentProcessedEvent
2023-10-05T00:00:02.578+03:00  INFO 17480 --- [CommandProcessor-0] c.e.p.domain.payment.PaymentAggregate    : PaymentAggregate catch ProcessPaymentCommand publish PaymentProcessedEvent
2023-10-05T00:00:02.578+03:00  INFO 17480 --- [CommandProcessor-6] c.e.p.domain.payment.PaymentAggregate    : PaymentAggregate catch ProcessPaymentCommand publish PaymentProcessedEvent
2023-10-05T00:00:02.578+03:00  INFO 17480 --- [CommandProcessor-4] c.e.p.domain.payment.PaymentAggregate    : PaymentAggregate catch ProcessPaymentCommand publish PaymentProcessedEvent
2023-10-05T00:00:02.578+03:00  INFO 17480 --- [CommandProcessor-1] c.e.p.domain.payment.PaymentAggregate    : PaymentAggregate catch ProcessPaymentCommand publish PaymentProcessedEvent
2023-10-05T00:00:02.578+03:00  INFO 17480 --- [CommandProcessor-8] c.e.p.domain.payment.PaymentAggregate    : PaymentAggregate catch ProcessPaymentCommand publish PaymentProcessedEvent
2023-10-05T00:00:02.578+03:00  INFO 17480 --- [CommandProcessor-7] c.e.p.domain.payment.PaymentAggregate    : PaymentAggregate catch ProcessPaymentCommand publish PaymentProcessedEvent
2023-10-05T00:00:02.578+03:00  INFO 17480 --- [CommandProcessor-9] c.e.p.domain.payment.PaymentAggregate    : PaymentAggregate catch ProcessPaymentCommand publish PaymentProcessedEvent
2023-10-05T00:00:02.578+03:00  INFO 17480 --- [CommandProcessor-3] c.e.p.domain.payment.PaymentAggregate    : PaymentAggregate catch ProcessPaymentCommand publish PaymentProcessedEvent
2023-10-05T00:00:02.578+03:00  INFO 17480 --- [CommandProcessor-5] c.e.p.domain.payment.PaymentAggregate    : PaymentAggregate catch ProcessPaymentCommand publish PaymentProcessedEvent
2023-10-05T00:00:02.660+03:00  INFO 17480 --- [CommandProcessor-6] c.e.p.domain.payment.PaymentAggregate    : PaymentAggregate catch ProcessPaymentCommand publish PaymentProcessedEvent
2023-10-05T00:00:02.660+03:00  INFO 17480 --- [CommandProcessor-5] c.e.p.domain.payment.PaymentAggregate    : PaymentAggregate catch ProcessPaymentCommand publish PaymentProcessedEvent
2023-10-05T00:00:02.660+03:00  INFO 17480 --- [CommandProcessor-0] c.e.p.domain.payment.PaymentAggregate    : PaymentAggregate catch ProcessPaymentCommand publish PaymentProcessedEvent
2023-10-05T00:00:55.254+03:00  INFO 17480 --- [SpringApplicationShutdownHook] o.a.e.TrackingEventProcessor             : Shutdown state set for Processor 'com.example.paymentservice.core.event'.
2023-10-05T00:00:55.255+03:00  INFO 17480 --- [SpringApplicationShutdownHook] o.a.e.TrackingEventProcessor             : Processor 'com.example.paymentservice.core.event' awaiting termination...
2023-10-05T00:00:55.757+03:00  INFO 17480 --- [EventProcessor[com.example.paymentservice.core.event]-0] o.a.e.TrackingEventProcessor             : Released claim
2023-10-05T00:00:55.758+03:00  INFO 17480 --- [EventProcessor[com.example.paymentservice.core.event]-0] o.a.e.TrackingEventProcessor             : Worker for segment Segment[0/0] stopped.
2023-10-05T00:00:55.767+03:00  INFO 17480 --- [SpringApplicationShutdownHook] i.a.a.c.command.impl.CommandChannelImpl  : Deregistered handler for command 'com.shared.core.command.ProcessPaymentCommand' in context 'default'
2023-10-05T00:00:56.676+03:00  INFO 17480 --- [SpringApplicationShutdownHook] j.LocalContainerEntityManagerFactoryBean : Closing JPA EntityManagerFactory for persistence unit 'default'
2023-10-05T00:00:56.678+03:00  INFO 17480 --- [SpringApplicationShutdownHook] com.zaxxer.hikari.HikariDataSource       : HikariPool-1 - Shutdown initiated...
2023-10-05T00:00:56.684+03:00  INFO 17480 --- [SpringApplicationShutdownHook] com.zaxxer.hikari.HikariDataSource       : HikariPool-1 - Shutdown completed.
2023-10-05T00:01:04.203+03:00  INFO 11044 --- [main] c.e.p.PaymentServiceApplication          : Starting PaymentServiceApplication using Java 17.0.5 with PID 11044 (D:\PDP\IdeaProjects\MicriservicesPDP\PaymentService\target\classes started by Maryana in D:\PDP\IdeaProjects\MicriservicesPDP)
2023-10-05T00:01:04.207+03:00  INFO 11044 --- [main] c.e.p.PaymentServiceApplication          : No active profile set, falling back to 1 default profile: "default"
2023-10-05T00:01:04.395+03:00  WARN 11044 --- [main] o.s.c.annotation.AnnotationTypeMapping   : Support for convention-based annotation attribute overrides is deprecated and will be removed in Spring Framework 6.1. Please annotate the following attributes in @org.axonframework.eventhandling.EventHandler with appropriate @AliasFor declarations: [payloadType]
2023-10-05T00:01:04.408+03:00  WARN 11044 --- [main] o.s.c.annotation.AnnotationTypeMapping   : Support for convention-based annotation attribute overrides is deprecated and will be removed in Spring Framework 6.1. Please annotate the following attributes in @org.axonframework.spring.stereotype.Aggregate with appropriate @AliasFor declarations: [type]
2023-10-05T00:01:04.410+03:00  WARN 11044 --- [main] o.s.c.annotation.AnnotationTypeMapping   : Support for convention-based annotation attribute overrides is deprecated and will be removed in Spring Framework 6.1. Please annotate the following attributes in @org.axonframework.commandhandling.CommandHandler with appropriate @AliasFor declarations: [payloadType]
2023-10-05T00:01:04.412+03:00  WARN 11044 --- [main] o.s.c.annotation.AnnotationTypeMapping   : Support for convention-based annotation attribute overrides is deprecated and will be removed in Spring Framework 6.1. Please annotate the following attributes in @org.axonframework.eventsourcing.EventSourcingHandler with appropriate @AliasFor declarations: [payloadType]
2023-10-05T00:01:04.412+03:00  WARN 11044 --- [main] o.s.c.annotation.AnnotationTypeMapping   : Support for convention-based annotation attribute overrides is deprecated and will be removed in Spring Framework 6.1. Please annotate the following attributes in @org.axonframework.eventsourcing.EventSourcingHandler with appropriate @AliasFor declarations: [payloadType]
2023-10-05T00:01:05.077+03:00  INFO 11044 --- [main] .s.d.r.c.RepositoryConfigurationDelegate : Bootstrapping Spring Data JPA repositories in DEFAULT mode.
2023-10-05T00:01:05.177+03:00  INFO 11044 --- [main] .s.d.r.c.RepositoryConfigurationDelegate : Finished Spring Data repository scanning in 92 ms. Found 1 JPA repository interfaces.
2023-10-05T00:01:05.704+03:00  WARN 11044 --- [main] ocalVariableTableParameterNameDiscoverer : Using deprecated '-debug' fallback for parameter name resolution. Compile the affected code with '-parameters' instead or avoid its introspection: org.axonframework.spring.eventsourcing.SpringPrototypeAggregateFactory
2023-10-05T00:01:05.969+03:00  INFO 11044 --- [main] o.s.b.w.embedded.tomcat.TomcatWebServer  : Tomcat initialized with port(s): 8085 (http)
2023-10-05T00:01:05.977+03:00  INFO 11044 --- [main] o.apache.catalina.core.StandardService   : Starting service [Tomcat]
2023-10-05T00:01:05.978+03:00  INFO 11044 --- [main] o.apache.catalina.core.StandardEngine    : Starting Servlet engine: [Apache Tomcat/10.1.4]
2023-10-05T00:01:06.073+03:00  INFO 11044 --- [main] o.a.c.c.C.[Tomcat].[localhost].[/]       : Initializing Spring embedded WebApplicationContext
2023-10-05T00:01:06.074+03:00  INFO 11044 --- [main] w.s.c.ServletWebServerApplicationContext : Root WebApplicationContext: initialization completed in 1804 ms
2023-10-05T00:01:06.248+03:00  INFO 11044 --- [main] o.hibernate.jpa.internal.util.LogHelper  : HHH000204: Processing PersistenceUnitInfo [name: default]
2023-10-05T00:01:06.317+03:00  INFO 11044 --- [main] org.hibernate.Version                    : HHH000412: Hibernate ORM core version 6.1.6.Final
2023-10-05T00:01:06.490+03:00  WARN 11044 --- [main] org.hibernate.orm.deprecation            : HHH90000021: Encountered deprecated setting [javax.persistence.sharedCache.mode], use [jakarta.persistence.sharedCache.mode] instead
2023-10-05T00:01:06.619+03:00  INFO 11044 --- [main] com.zaxxer.hikari.HikariDataSource       : HikariPool-1 - Starting...
2023-10-05T00:01:06.717+03:00  INFO 11044 --- [main] com.zaxxer.hikari.pool.HikariPool        : HikariPool-1 - Added connection org.postgresql.jdbc.PgConnection@5817f1ca
2023-10-05T00:01:06.719+03:00  INFO 11044 --- [main] com.zaxxer.hikari.HikariDataSource       : HikariPool-1 - Start completed.
2023-10-05T00:01:06.749+03:00  INFO 11044 --- [main] SQL dialect                              : HHH000400: Using dialect: org.hibernate.dialect.PostgreSQLDialect
2023-10-05T00:01:07.835+03:00  INFO 11044 --- [main] o.h.e.t.j.p.i.JtaPlatformInitiator       : HHH000490: Using JtaPlatform implementation: [org.hibernate.engine.transaction.jta.platform.internal.NoJtaPlatform]
2023-10-05T00:01:07.849+03:00  INFO 11044 --- [main] j.LocalContainerEntityManagerFactoryBean : Initialized JPA EntityManagerFactory for persistence unit 'default'
2023-10-05T00:01:08.271+03:00  WARN 11044 --- [main] JpaBaseConfiguration$JpaWebConfiguration : spring.jpa.open-in-view is enabled by default. Therefore, database queries may be performed during view rendering. Explicitly configure spring.jpa.open-in-view to disable this warning
2023-10-05T00:01:08.509+03:00  INFO 11044 --- [main] o.a.serialization.ChainingConverter      : ContentTypeConverter of type [class org.axonframework.serialization.xml.Dom4JToByteArrayConverter] is ignored. It seems to rely on a class that is not available in the class loader: org/dom4j/Document
2023-10-05T00:01:08.510+03:00  INFO 11044 --- [main] o.a.serialization.ChainingConverter      : ContentTypeConverter of type [class org.axonframework.serialization.xml.InputStreamToDom4jConverter] is ignored. It seems to rely on a class that is not available in the class loader: org/dom4j/Document
2023-10-05T00:01:08.511+03:00  INFO 11044 --- [main] o.a.serialization.ChainingConverter      : ContentTypeConverter of type [class org.axonframework.serialization.xml.XomToStringConverter] is ignored. It seems to rely on a class that is not available in the class loader: nu/xom/Document
2023-10-05T00:01:08.512+03:00  INFO 11044 --- [main] o.a.serialization.ChainingConverter      : ContentTypeConverter of type [class org.axonframework.serialization.xml.InputStreamToXomConverter] is ignored. It seems to rely on a class that is not available in the class loader: nu/xom/ParsingException
2023-10-05T00:01:08.975+03:00  INFO 11044 --- [main] o.s.b.w.embedded.tomcat.TomcatWebServer  : Tomcat started on port(s): 8085 (http) with context path ''
2023-10-05T00:01:09.366+03:00  INFO 11044 --- [main] i.a.a.c.impl.AxonServerManagedChannel    : Requesting connection details from localhost:8124
2023-10-05T00:01:09.759+03:00  INFO 11044 --- [main] i.a.a.c.impl.AxonServerManagedChannel    : Successfully connected to localhost:8124
2023-10-05T00:01:09.773+03:00  INFO 11044 --- [main] i.a.a.connector.impl.ControlChannelImpl  : Connected instruction stream for context 'default'. Sending client identification
2023-10-05T00:01:09.794+03:00  INFO 11044 --- [main] i.a.a.c.command.impl.CommandChannelImpl  : CommandChannel for context 'default' connected, 0 command handlers registered
2023-10-05T00:01:09.797+03:00  INFO 11044 --- [main] i.a.a.c.command.impl.CommandChannelImpl  : Registered handler for command 'com.shared.core.command.ProcessPaymentCommand' in context 'default'
2023-10-05T00:01:09.837+03:00  INFO 11044 --- [main] i.a.a.c.query.impl.QueryChannelImpl      : QueryChannel for context 'default' connected, 0 registrations resubscribed
2023-10-05T00:01:09.849+03:00  INFO 11044 --- [main] i.a.a.c.query.impl.QueryChannelImpl      : Registered handler for query 'com.shared.core.query.FetchUserPaymentDetailsQuery : com.shared.core.model.PaymentDetails' in context 'default'
2023-10-05T00:01:10.063+03:00  INFO 11044 --- [main] c.e.p.PaymentServiceApplication          : Started PaymentServiceApplication in 6.406 seconds (process running for 7.187)
2023-10-05T00:01:10.292+03:00  INFO 11044 --- [EventProcessor[com.example.paymentservice.core.event]-0] o.a.e.TrackingEventProcessor             : Worker assigned to segment Segment[0/0] for processing
2023-10-05T00:01:10.321+03:00  INFO 11044 --- [EventProcessor[com.example.paymentservice.core.event]-0] o.a.e.TrackingEventProcessor             : Using current Thread for last segment worker: TrackingSegmentWorker{processor=com.example.paymentservice.core.event, segment=Segment[0/0]}
2023-10-05T00:01:10.353+03:00  INFO 11044 --- [EventProcessor[com.example.paymentservice.core.event]-0] o.a.e.TrackingEventProcessor             : Fetched token: IndexTrackingToken{globalIndex=196} for segment: Segment[0/0]
2023-10-05T00:05:48.063+03:00  INFO 11044 --- [SpringApplicationShutdownHook] o.a.e.TrackingEventProcessor             : Shutdown state set for Processor 'com.example.paymentservice.core.event'.
2023-10-05T00:05:48.063+03:00  INFO 11044 --- [SpringApplicationShutdownHook] o.a.e.TrackingEventProcessor             : Processor 'com.example.paymentservice.core.event' awaiting termination...
2023-10-05T00:05:48.271+03:00  INFO 11044 --- [EventProcessor[com.example.paymentservice.core.event]-0] o.a.e.TrackingEventProcessor             : Released claim
2023-10-05T00:05:48.272+03:00  INFO 11044 --- [EventProcessor[com.example.paymentservice.core.event]-0] o.a.e.TrackingEventProcessor             : Worker for segment Segment[0/0] stopped.
2023-10-05T00:05:48.281+03:00  INFO 11044 --- [SpringApplicationShutdownHook] i.a.a.c.command.impl.CommandChannelImpl  : Deregistered handler for command 'com.shared.core.command.ProcessPaymentCommand' in context 'default'
2023-10-05T00:05:48.621+03:00  INFO 11044 --- [SpringApplicationShutdownHook] j.LocalContainerEntityManagerFactoryBean : Closing JPA EntityManagerFactory for persistence unit 'default'
2023-10-05T00:05:48.623+03:00  INFO 11044 --- [SpringApplicationShutdownHook] com.zaxxer.hikari.HikariDataSource       : HikariPool-1 - Shutdown initiated...
2023-10-05T00:05:48.628+03:00  INFO 11044 --- [SpringApplicationShutdownHook] com.zaxxer.hikari.HikariDataSource       : HikariPool-1 - Shutdown completed.
